Determining if the pthread_create exist failed with the following output:
Change Dir: /home/driverless/sim/build/eufs_msgs/CMakeFiles/CMakeTmp

Run Build Command:"/usr/bin/make" "cmTC_7e065/fast"
/usr/bin/make -f CMakeFiles/cmTC_7e065.dir/build.make CMakeFiles/cmTC_7e065.dir/build
make[1]: se entra en el directorio '/home/driverless/sim/build/eufs_msgs/CMakeFiles/CMakeTmp'
Building C object CMakeFiles/cmTC_7e065.dir/CheckSymbolExists.c.o
/usr/bin/cc    -o CMakeFiles/cmTC_7e065.dir/CheckSymbolExists.c.o   -c /home/driverless/sim/build/eufs_msgs/CMakeFiles/CMakeTmp/CheckSymbolExists.c
Linking C executable cmTC_7e065
/usr/bin/cmake -E cmake_link_script CMakeFiles/cmTC_7e065.dir/link.txt --verbose=1
/usr/bin/cc      -rdynamic CMakeFiles/cmTC_7e065.dir/CheckSymbolExists.c.o  -o cmTC_7e065 
CMakeFiles/cmTC_7e065.dir/CheckSymbolExists.c.o: En la función `main':
CheckSymbolExists.c:(.text+0x1b): referencia a `pthread_create' sin definir
collect2: error: ld returned 1 exit status
CMakeFiles/cmTC_7e065.dir/build.make:97: fallo en las instrucciones para el objetivo 'cmTC_7e065'
make[1]: *** [cmTC_7e065] Error 1
make[1]: se sale del directorio '/home/driverless/sim/build/eufs_msgs/CMakeFiles/CMakeTmp'
Makefile:126: fallo en las instrucciones para el objetivo 'cmTC_7e065/fast'
make: *** [cmTC_7e065/fast] Error 2

File /home/driverless/sim/build/eufs_msgs/CMakeFiles/CMakeTmp/CheckSymbolExists.c:
/* */
#include <pthread.h>

int main(int argc, char** argv)
{
  (void)argv;
#ifndef pthread_create
  return ((int*)(&pthread_create))[argc];
#else
  (void)argc;
  return 0;
#endif
}

Determining if the function pthread_create exists in the pthreads failed with the following output:
Change Dir: /home/driverless/sim/build/eufs_msgs/CMakeFiles/CMakeTmp

Run Build Command:"/usr/bin/make" "cmTC_033fb/fast"
/usr/bin/make -f CMakeFiles/cmTC_033fb.dir/build.make CMakeFiles/cmTC_033fb.dir/build
make[1]: se entra en el directorio '/home/driverless/sim/build/eufs_msgs/CMakeFiles/CMakeTmp'
Building C object CMakeFiles/cmTC_033fb.dir/CheckFunctionExists.c.o
/usr/bin/cc   -DCHECK_FUNCTION_EXISTS=pthread_create   -o CMakeFiles/cmTC_033fb.dir/CheckFunctionExists.c.o   -c /usr/share/cmake-3.10/Modules/CheckFunctionExists.c
Linking C executable cmTC_033fb
/usr/bin/cmake -E cmake_link_script CMakeFiles/cmTC_033fb.dir/link.txt --verbose=1
/usr/bin/cc  -DCHECK_FUNCTION_EXISTS=pthread_create    -rdynamic CMakeFiles/cmTC_033fb.dir/CheckFunctionExists.c.o  -o cmTC_033fb -lpthreads 
/usr/bin/ld: no se puede encontrar -lpthreads
collect2: error: ld returned 1 exit status
CMakeFiles/cmTC_033fb.dir/build.make:97: fallo en las instrucciones para el objetivo 'cmTC_033fb'
make[1]: *** [cmTC_033fb] Error 1
make[1]: se sale del directorio '/home/driverless/sim/build/eufs_msgs/CMakeFiles/CMakeTmp'
Makefile:126: fallo en las instrucciones para el objetivo 'cmTC_033fb/fast'
make: *** [cmTC_033fb/fast] Error 2


