[35m[1mScanning dependencies of target _eufs_msgs_generate_messages_check_deps_Runstop[0m
[35m[1mScanning dependencies of target _eufs_msgs_generate_messages_check_deps_PathIntegralParams[0m
[  0%] Built target _eufs_msgs_generate_messages_check_deps_PathIntegralParams
[  0%] Built target _eufs_msgs_generate_messages_check_deps_Runstop
[35m[1mScanning dependencies of target _eufs_msgs_generate_messages_check_deps_WaypointArrayStamped[0m
[35m[1mScanning dependencies of target geometry_msgs_generate_messages_eus[0m
[  0%] Built target geometry_msgs_generate_messages_eus
[35m[1mScanning dependencies of target _eufs_msgs_generate_messages_check_deps_CheckForObjectsActionFeedback[0m
[  0%] Built target _eufs_msgs_generate_messages_check_deps_WaypointArrayStamped
[35m[1mScanning dependencies of target _eufs_msgs_generate_messages_check_deps_CheckForObjectsActionGoal[0m
[  0%] Built target _eufs_msgs_generate_messages_check_deps_CheckForObjectsActionFeedback
[35m[1mScanning dependencies of target _eufs_msgs_generate_messages_check_deps_PathIntegralStatus[0m
[  0%] Built target _eufs_msgs_generate_messages_check_deps_CheckForObjectsActionGoal
[35m[1mScanning dependencies of target _eufs_msgs_generate_messages_check_deps_SLAMState[0m
[  0%] Built target _eufs_msgs_generate_messages_check_deps_PathIntegralStatus
[35m[1mScanning dependencies of target _eufs_msgs_generate_messages_check_deps_ConeArrayWithCovariance[0m
[  0%] Built target _eufs_msgs_generate_messages_check_deps_SLAMState
[35m[1mScanning dependencies of target sensor_msgs_generate_messages_eus[0m
[  0%] Built target _eufs_msgs_generate_messages_check_deps_ConeArrayWithCovariance
[  0%] Built target sensor_msgs_generate_messages_eus
[35m[1mScanning dependencies of target std_msgs_generate_messages_eus[0m
[35m[1mScanning dependencies of target _eufs_msgs_generate_messages_check_deps_CheckForObjectsResult[0m
[  0%] Built target std_msgs_generate_messages_eus
[35m[1mScanning dependencies of target _eufs_msgs_generate_messages_check_deps_CheckForObjectsFeedback[0m
[  0%] Built target _eufs_msgs_generate_messages_check_deps_CheckForObjectsResult
[35m[1mScanning dependencies of target diagnostic_msgs_generate_messages_eus[0m
[  0%] Built target diagnostic_msgs_generate_messages_eus
[  0%] Built target _eufs_msgs_generate_messages_check_deps_CheckForObjectsFeedback
[35m[1mScanning dependencies of target _eufs_msgs_generate_messages_check_deps_ChassisCommand[0m
[35m[1mScanning dependencies of target _eufs_msgs_generate_messages_check_deps_WheelSpeedsStamped[0m
[  0%] Built target _eufs_msgs_generate_messages_check_deps_ChassisCommand
[  0%] Built target _eufs_msgs_generate_messages_check_deps_WheelSpeedsStamped
[35m[1mScanning dependencies of target _eufs_msgs_generate_messages_check_deps_ConeWithCovariance[0m
[35m[1mScanning dependencies of target _eufs_msgs_generate_messages_check_deps_WheelSpeeds[0m
[  0%] Built target _eufs_msgs_generate_messages_check_deps_ConeWithCovariance
[  0%] Built target _eufs_msgs_generate_messages_check_deps_WheelSpeeds
[35m[1mScanning dependencies of target _eufs_msgs_generate_messages_check_deps_LapStats[0m
[35m[1mScanning dependencies of target _eufs_msgs_generate_messages_check_deps_FullState[0m
[  0%] Built target _eufs_msgs_generate_messages_check_deps_LapStats
[  0%] Built target _eufs_msgs_generate_messages_check_deps_FullState
[35m[1mScanning dependencies of target _eufs_msgs_generate_messages_check_deps_CanState[0m
[35m[1mScanning dependencies of target _eufs_msgs_generate_messages_check_deps_Costmap[0m
[  0%] Built target _eufs_msgs_generate_messages_check_deps_CanState
[  0%] Built target _eufs_msgs_generate_messages_check_deps_Costmap
[35m[1mScanning dependencies of target actionlib_msgs_generate_messages_eus[0m
[35m[1mScanning dependencies of target _eufs_msgs_generate_messages_check_deps_EKFState[0m
[  0%] Built target actionlib_msgs_generate_messages_eus
[35m[1mScanning dependencies of target _eufs_msgs_generate_messages_check_deps_PointArrayStamped[0m
[  0%] Built target _eufs_msgs_generate_messages_check_deps_EKFState
[35m[1mScanning dependencies of target _eufs_msgs_generate_messages_check_deps_SLAMErr[0m
[  0%] Built target _eufs_msgs_generate_messages_check_deps_PointArrayStamped
[35m[1mScanning dependencies of target _eufs_msgs_generate_messages_check_deps_BoundingBoxes[0m
[  0%] Built target _eufs_msgs_generate_messages_check_deps_SLAMErr
[35m[1mScanning dependencies of target _eufs_msgs_generate_messages_check_deps_ChassisState[0m
[  0%] Built target _eufs_msgs_generate_messages_check_deps_BoundingBoxes
[35m[1mScanning dependencies of target _eufs_msgs_generate_messages_check_deps_SystemStatus[0m
[  0%] Built target _eufs_msgs_generate_messages_check_deps_ChassisState
[35m[1mScanning dependencies of target _eufs_msgs_generate_messages_check_deps_Waypoint[0m
[  0%] Built target _eufs_msgs_generate_messages_check_deps_SystemStatus
[35m[1mScanning dependencies of target _eufs_msgs_generate_messages_check_deps_TopicStatus[0m
[  0%] Built target _eufs_msgs_generate_messages_check_deps_Waypoint
[35m[1mScanning dependencies of target _eufs_msgs_generate_messages_check_deps_PathIntegralTiming[0m
[  0%] Built target _eufs_msgs_generate_messages_check_deps_TopicStatus
[35m[1mScanning dependencies of target _eufs_msgs_generate_messages_check_deps_EKFErr[0m
[  0%] Built target _eufs_msgs_generate_messages_check_deps_PathIntegralTiming
[  0%] Built target _eufs_msgs_generate_messages_check_deps_EKFErr
[35m[1mScanning dependencies of target _eufs_msgs_generate_messages_check_deps_CheckForObjectsAction[0m
[35m[1mScanning dependencies of target _eufs_msgs_generate_messages_check_deps_BoundingBox[0m
[  0%] Built target _eufs_msgs_generate_messages_check_deps_CheckForObjectsAction
[  0%] Built target _eufs_msgs_generate_messages_check_deps_BoundingBox
[35m[1mScanning dependencies of target _eufs_msgs_generate_messages_check_deps_PointArray[0m
[35m[1mScanning dependencies of target _eufs_msgs_generate_messages_check_deps_CheckForObjectsActionResult[0m
[  0%] Built target _eufs_msgs_generate_messages_check_deps_PointArray
[  0%] Built target _eufs_msgs_generate_messages_check_deps_CheckForObjectsActionResult
[35m[1mScanning dependencies of target _eufs_msgs_generate_messages_check_deps_CheckForObjectsGoal[0m
[35m[1mScanning dependencies of target _eufs_msgs_generate_messages_check_deps_CarState[0m
[  0%] Built target _eufs_msgs_generate_messages_check_deps_CheckForObjectsGoal
[  0%] Built target _eufs_msgs_generate_messages_check_deps_CarState
[35m[1mScanning dependencies of target _eufs_msgs_generate_messages_check_deps_PathIntegralStats[0m
[35m[1mScanning dependencies of target _eufs_msgs_generate_messages_check_deps_ConeArray[0m
[  0%] Built target _eufs_msgs_generate_messages_check_deps_PathIntegralStats
[  0%] Built target _eufs_msgs_generate_messages_check_deps_ConeArray
[35m[1mScanning dependencies of target actionlib_msgs_generate_messages_lisp[0m
[35m[1mScanning dependencies of target diagnostic_msgs_generate_messages_lisp[0m
[  0%] Built target actionlib_msgs_generate_messages_lisp
[  0%] Built target diagnostic_msgs_generate_messages_lisp
[35m[1mScanning dependencies of target sensor_msgs_generate_messages_lisp[0m
[35m[1mScanning dependencies of target std_msgs_generate_messages_lisp[0m
[  0%] Built target sensor_msgs_generate_messages_lisp
[  0%] Built target std_msgs_generate_messages_lisp
[35m[1mScanning dependencies of target geometry_msgs_generate_messages_lisp[0m
[35m[1mScanning dependencies of target actionlib_msgs_generate_messages_py[0m
[  0%] Built target geometry_msgs_generate_messages_lisp
[  0%] Built target actionlib_msgs_generate_messages_py
[35m[1mScanning dependencies of target geometry_msgs_generate_messages_py[0m
[35m[1mScanning dependencies of target diagnostic_msgs_generate_messages_py[0m
[  0%] Built target geometry_msgs_generate_messages_py
[  0%] Built target diagnostic_msgs_generate_messages_py
[35m[1mScanning dependencies of target sensor_msgs_generate_messages_py[0m
[35m[1mScanning dependencies of target std_msgs_generate_messages_py[0m
[  0%] Built target sensor_msgs_generate_messages_py
[  0%] Built target std_msgs_generate_messages_py
[35m[1mScanning dependencies of target actionlib_msgs_generate_messages_cpp[0m
[35m[1mScanning dependencies of target geometry_msgs_generate_messages_cpp[0m
[  0%] Built target actionlib_msgs_generate_messages_cpp
[  0%] Built target geometry_msgs_generate_messages_cpp
[35m[1mScanning dependencies of target sensor_msgs_generate_messages_cpp[0m
[35m[1mScanning dependencies of target diagnostic_msgs_generate_messages_cpp[0m
[  0%] Built target sensor_msgs_generate_messages_cpp
[  0%] Built target diagnostic_msgs_generate_messages_cpp
[35m[1mScanning dependencies of target std_msgs_generate_messages_cpp[0m
[35m[1mScanning dependencies of target diagnostic_msgs_generate_messages_nodejs[0m
[  0%] Built target std_msgs_generate_messages_cpp
[  0%] Built target diagnostic_msgs_generate_messages_nodejs
[35m[1mScanning dependencies of target actionlib_msgs_generate_messages_nodejs[0m
[35m[1mScanning dependencies of target geometry_msgs_generate_messages_nodejs[0m
[  0%] Built target actionlib_msgs_generate_messages_nodejs
[  0%] Built target geometry_msgs_generate_messages_nodejs
[35m[1mScanning dependencies of target std_msgs_generate_messages_nodejs[0m
[35m[1mScanning dependencies of target sensor_msgs_generate_messages_nodejs[0m
[  0%] Built target std_msgs_generate_messages_nodejs
[  0%] Built target sensor_msgs_generate_messages_nodejs
[35m[1mScanning dependencies of target eufs_msgs_generate_messages_eus[0m
[35m[1mScanning dependencies of target eufs_msgs_generate_messages_lisp[0m
[  1%] [34m[1mGenerating EusLisp code from eufs_msgs/EKFState.msg[0m
[  2%] [34m[1mGenerating Lisp code from eufs_msgs/EKFState.msg[0m
[  2%] [34m[1mGenerating Lisp code from eufs_msgs/PointArrayStamped.msg[0m
[  2%] [34m[1mGenerating EusLisp code from eufs_msgs/PointArrayStamped.msg[0m
[  3%] [34m[1mGenerating Lisp code from eufs_msgs/SLAMErr.msg[0m
[  4%] [34m[1mGenerating EusLisp code from eufs_msgs/SLAMErr.msg[0m
[  4%] [34m[1mGenerating Lisp code from eufs_msgs/PathIntegralParams.msg[0m
[  5%] [34m[1mGenerating Lisp code from eufs_msgs/BoundingBoxes.msg[0m
[  5%] [34m[1mGenerating EusLisp code from eufs_msgs/PathIntegralParams.msg[0m
[  5%] [34m[1mGenerating Lisp code from eufs_msgs/ChassisState.msg[0m
[  6%] [34m[1mGenerating EusLisp code from eufs_msgs/BoundingBoxes.msg[0m
[  7%] [34m[1mGenerating Lisp code from eufs_msgs/SystemStatus.msg[0m
[  7%] [34m[1mGenerating EusLisp code from eufs_msgs/ChassisState.msg[0m
[  7%] [34m[1mGenerating Lisp code from eufs_msgs/CheckForObjectsActionFeedback.msg[0m
[  8%] [34m[1mGenerating Lisp code from eufs_msgs/ConeWithCovariance.msg[0m
[  9%] [34m[1mGenerating EusLisp code from eufs_msgs/SystemStatus.msg[0m
[ 10%] [34m[1mGenerating Lisp code from eufs_msgs/CheckForObjectsFeedback.msg[0m
[ 10%] [34m[1mGenerating EusLisp code from eufs_msgs/CheckForObjectsActionFeedback.msg[0m
[ 10%] [34m[1mGenerating Lisp code from eufs_msgs/Waypoint.msg[0m
[ 11%] [34m[1mGenerating Lisp code from eufs_msgs/CheckForObjectsResult.msg[0m
[ 12%] [34m[1mGenerating EusLisp code from eufs_msgs/ConeWithCovariance.msg[0m
[ 12%] [34m[1mGenerating Lisp code from eufs_msgs/TopicStatus.msg[0m
[ 12%] [34m[1mGenerating EusLisp code from eufs_msgs/CheckForObjectsFeedback.msg[0m
[ 13%] [34m[1mGenerating Lisp code from eufs_msgs/LapStats.msg[0m
[ 13%] [34m[1mGenerating Lisp code from eufs_msgs/ChassisCommand.msg[0m
[ 14%] [34m[1mGenerating EusLisp code from eufs_msgs/Waypoint.msg[0m
[ 15%] [34m[1mGenerating Lisp code from eufs_msgs/EKFErr.msg[0m
[ 15%] [34m[1mGenerating EusLisp code from eufs_msgs/CheckForObjectsResult.msg[0m
[ 15%] [34m[1mGenerating Lisp code from eufs_msgs/ConeArrayWithCovariance.msg[0m
[ 17%] [34m[1mGenerating EusLisp code from eufs_msgs/TopicStatus.msg[0m
[ 18%] [34m[1mGenerating Lisp code from eufs_msgs/PathIntegralStatus.msg[0m
[ 18%] [34m[1mGenerating Lisp code from eufs_msgs/WheelSpeedsStamped.msg[0m
[ 18%] [34m[1mGenerating EusLisp code from eufs_msgs/LapStats.msg[0m
[ 19%] [34m[1mGenerating Lisp code from eufs_msgs/CanState.msg[0m
[ 20%] [34m[1mGenerating EusLisp code from eufs_msgs/ChassisCommand.msg[0m
[ 20%] [34m[1mGenerating Lisp code from eufs_msgs/BoundingBox.msg[0m
[ 20%] [34m[1mGenerating EusLisp code from eufs_msgs/EKFErr.msg[0m
[ 21%] [34m[1mGenerating Lisp code from eufs_msgs/CheckForObjectsActionResult.msg[0m
[ 21%] [34m[1mGenerating Lisp code from eufs_msgs/CheckForObjectsAction.msg[0m
[ 22%] [34m[1mGenerating EusLisp code from eufs_msgs/ConeArrayWithCovariance.msg[0m
[ 23%] [34m[1mGenerating Lisp code from eufs_msgs/Costmap.msg[0m
[ 23%] [34m[1mGenerating EusLisp code from eufs_msgs/PathIntegralStatus.msg[0m
[ 23%] [34m[1mGenerating Lisp code from eufs_msgs/FullState.msg[0m
[ 24%] [34m[1mGenerating Lisp code from eufs_msgs/CheckForObjectsGoal.msg[0m
[ 25%] [34m[1mGenerating EusLisp code from eufs_msgs/WheelSpeedsStamped.msg[0m
[ 25%] [34m[1mGenerating Lisp code from eufs_msgs/Runstop.msg[0m
[ 26%] [34m[1mGenerating EusLisp code from eufs_msgs/CanState.msg[0m
[ 27%] [34m[1mGenerating Lisp code from eufs_msgs/WheelSpeeds.msg[0m
[ 27%] [34m[1mGenerating Lisp code from eufs_msgs/PathIntegralTiming.msg[0m
[ 27%] [34m[1mGenerating EusLisp code from eufs_msgs/BoundingBox.msg[0m
[ 28%] [34m[1mGenerating Lisp code from eufs_msgs/CarState.msg[0m
[ 29%] [34m[1mGenerating EusLisp code from eufs_msgs/CheckForObjectsActionResult.msg[0m
[ 29%] [34m[1mGenerating Lisp code from eufs_msgs/PointArray.msg[0m
[ 30%] [34m[1mGenerating Lisp code from eufs_msgs/SLAMState.msg[0m
[ 30%] [34m[1mGenerating EusLisp code from eufs_msgs/CheckForObjectsAction.msg[0m
[ 30%] [34m[1mGenerating Lisp code from eufs_msgs/CheckForObjectsActionGoal.msg[0m
[ 31%] [34m[1mGenerating EusLisp code from eufs_msgs/Costmap.msg[0m
[ 32%] [34m[1mGenerating Lisp code from eufs_msgs/ConeArray.msg[0m
[ 32%] [34m[1mGenerating Lisp code from eufs_msgs/PathIntegralStats.msg[0m
[ 32%] [34m[1mGenerating EusLisp code from eufs_msgs/FullState.msg[0m
[ 34%] [34m[1mGenerating Lisp code from eufs_msgs/WaypointArrayStamped.msg[0m
[ 35%] [34m[1mGenerating EusLisp code from eufs_msgs/CheckForObjectsGoal.msg[0m
[ 35%] Built target eufs_msgs_generate_messages_lisp
[35m[1mScanning dependencies of target eufs_msgs_generate_messages_py[0m
[ 35%] [34m[1mGenerating Python from MSG eufs_msgs/EKFState[0m
[ 35%] [34m[1mGenerating EusLisp code from eufs_msgs/Runstop.msg[0m
[ 36%] [34m[1mGenerating EusLisp code from eufs_msgs/WheelSpeeds.msg[0m
[ 37%] [34m[1mGenerating Python from MSG eufs_msgs/PointArrayStamped[0m
[ 37%] [34m[1mGenerating EusLisp code from eufs_msgs/PathIntegralTiming.msg[0m
[ 38%] [34m[1mGenerating EusLisp code from eufs_msgs/CarState.msg[0m
[ 38%] [34m[1mGenerating Python from MSG eufs_msgs/SLAMErr[0m
[ 38%] [34m[1mGenerating EusLisp code from eufs_msgs/PointArray.msg[0m
[ 39%] [34m[1mGenerating EusLisp code from eufs_msgs/SLAMState.msg[0m
[ 40%] [34m[1mGenerating Python from MSG eufs_msgs/PathIntegralParams[0m
[ 40%] [34m[1mGenerating EusLisp code from eufs_msgs/CheckForObjectsActionGoal.msg[0m
[ 41%] [34m[1mGenerating EusLisp code from eufs_msgs/ConeArray.msg[0m
[ 41%] [34m[1mGenerating Python from MSG eufs_msgs/BoundingBoxes[0m
[ 41%] [34m[1mGenerating EusLisp code from eufs_msgs/PathIntegralStats.msg[0m
[ 42%] [34m[1mGenerating EusLisp code from eufs_msgs/WaypointArrayStamped.msg[0m
[ 43%] [34m[1mGenerating Python from MSG eufs_msgs/ChassisState[0m
[ 43%] [34m[1mGenerating EusLisp manifest code for eufs_msgs[0m
[ 43%] [34m[1mGenerating Python from MSG eufs_msgs/SystemStatus[0m
[ 44%] [34m[1mGenerating Python from MSG eufs_msgs/CheckForObjectsActionFeedback[0m
[ 44%] [34m[1mGenerating Python from MSG eufs_msgs/ConeWithCovariance[0m
[ 45%] [34m[1mGenerating Python from MSG eufs_msgs/CheckForObjectsFeedback[0m
[ 45%] [34m[1mGenerating Python from MSG eufs_msgs/Waypoint[0m
[ 46%] [34m[1mGenerating Python from MSG eufs_msgs/CheckForObjectsResult[0m
[ 46%] Built target eufs_msgs_generate_messages_eus
[35m[1mScanning dependencies of target eufs_msgs_generate_messages_cpp[0m
[ 46%] [34m[1mGenerating C++ code from eufs_msgs/EKFState.msg[0m
[ 46%] [34m[1mGenerating Python from MSG eufs_msgs/TopicStatus[0m
[ 47%] [34m[1mGenerating C++ code from eufs_msgs/PointArrayStamped.msg[0m
[ 48%] [34m[1mGenerating Python from MSG eufs_msgs/LapStats[0m
[ 48%] [34m[1mGenerating C++ code from eufs_msgs/SLAMErr.msg[0m
[ 48%] [34m[1mGenerating Python from MSG eufs_msgs/ChassisCommand[0m
[ 50%] [34m[1mGenerating C++ code from eufs_msgs/PathIntegralParams.msg[0m
[ 51%] [34m[1mGenerating Python from MSG eufs_msgs/EKFErr[0m
[ 51%] [34m[1mGenerating C++ code from eufs_msgs/BoundingBoxes.msg[0m
[ 51%] [34m[1mGenerating Python from MSG eufs_msgs/ConeArrayWithCovariance[0m
[ 52%] [34m[1mGenerating C++ code from eufs_msgs/ChassisState.msg[0m
[ 53%] [34m[1mGenerating Python from MSG eufs_msgs/PathIntegralStatus[0m
[ 53%] [34m[1mGenerating C++ code from eufs_msgs/SystemStatus.msg[0m
[ 53%] [34m[1mGenerating Python from MSG eufs_msgs/WheelSpeedsStamped[0m
[ 54%] [34m[1mGenerating C++ code from eufs_msgs/CheckForObjectsActionFeedback.msg[0m
[ 55%] [34m[1mGenerating Python from MSG eufs_msgs/CanState[0m
[ 55%] [34m[1mGenerating C++ code from eufs_msgs/ConeWithCovariance.msg[0m
[ 56%] [34m[1mGenerating Python from MSG eufs_msgs/BoundingBox[0m
[ 57%] [34m[1mGenerating C++ code from eufs_msgs/CheckForObjectsFeedback.msg[0m
[ 57%] [34m[1mGenerating Python from MSG eufs_msgs/CheckForObjectsActionResult[0m
[ 57%] [34m[1mGenerating C++ code from eufs_msgs/Waypoint.msg[0m
[ 58%] [34m[1mGenerating Python from MSG eufs_msgs/CheckForObjectsAction[0m
[ 59%] [34m[1mGenerating C++ code from eufs_msgs/CheckForObjectsResult.msg[0m
[ 59%] [34m[1mGenerating Python from MSG eufs_msgs/Costmap[0m
[ 59%] [34m[1mGenerating C++ code from eufs_msgs/TopicStatus.msg[0m
[ 60%] [34m[1mGenerating Python from MSG eufs_msgs/FullState[0m
[ 61%] [34m[1mGenerating C++ code from eufs_msgs/LapStats.msg[0m
[ 61%] [34m[1mGenerating Python from MSG eufs_msgs/CheckForObjectsGoal[0m
[ 61%] [34m[1mGenerating C++ code from eufs_msgs/ChassisCommand.msg[0m
[ 62%] [34m[1mGenerating Python from MSG eufs_msgs/Runstop[0m
[ 63%] [34m[1mGenerating C++ code from eufs_msgs/EKFErr.msg[0m
[ 63%] [34m[1mGenerating Python from MSG eufs_msgs/WheelSpeeds[0m
[ 63%] [34m[1mGenerating C++ code from eufs_msgs/ConeArrayWithCovariance.msg[0m
[ 64%] [34m[1mGenerating Python from MSG eufs_msgs/PathIntegralTiming[0m
[ 65%] [34m[1mGenerating C++ code from eufs_msgs/PathIntegralStatus.msg[0m
[ 65%] [34m[1mGenerating Python from MSG eufs_msgs/CarState[0m
[ 65%] [34m[1mGenerating C++ code from eufs_msgs/WheelSpeedsStamped.msg[0m
[ 67%] [34m[1mGenerating Python from MSG eufs_msgs/PointArray[0m
[ 68%] [34m[1mGenerating C++ code from eufs_msgs/CanState.msg[0m
[ 68%] [34m[1mGenerating Python from MSG eufs_msgs/SLAMState[0m
[ 68%] [34m[1mGenerating C++ code from eufs_msgs/BoundingBox.msg[0m
[ 69%] [34m[1mGenerating Python from MSG eufs_msgs/CheckForObjectsActionGoal[0m
[ 70%] [34m[1mGenerating C++ code from eufs_msgs/CheckForObjectsActionResult.msg[0m
[ 70%] [34m[1mGenerating Python from MSG eufs_msgs/ConeArray[0m
[ 70%] [34m[1mGenerating C++ code from eufs_msgs/CheckForObjectsAction.msg[0m
[ 71%] [34m[1mGenerating Python from MSG eufs_msgs/PathIntegralStats[0m
[ 72%] [34m[1mGenerating C++ code from eufs_msgs/Costmap.msg[0m
[ 72%] [34m[1mGenerating Python from MSG eufs_msgs/WaypointArrayStamped[0m
[ 72%] [34m[1mGenerating C++ code from eufs_msgs/FullState.msg[0m
[ 73%] [34m[1mGenerating Python msg __init__.py for eufs_msgs[0m
[ 74%] [34m[1mGenerating C++ code from eufs_msgs/CheckForObjectsGoal.msg[0m
[ 74%] Built target eufs_msgs_generate_messages_py
[35m[1mScanning dependencies of target eufs_msgs_generate_messages_nodejs[0m
[ 74%] [34m[1mGenerating Javascript code from eufs_msgs/EKFState.msg[0m
[ 74%] [34m[1mGenerating C++ code from eufs_msgs/Runstop.msg[0m
[ 75%] [34m[1mGenerating Javascript code from eufs_msgs/PointArrayStamped.msg[0m
[ 76%] [34m[1mGenerating Javascript code from eufs_msgs/SLAMErr.msg[0m
[ 76%] [34m[1mGenerating Javascript code from eufs_msgs/PathIntegralParams.msg[0m
[ 77%] [34m[1mGenerating C++ code from eufs_msgs/WheelSpeeds.msg[0m
[ 78%] [34m[1mGenerating Javascript code from eufs_msgs/BoundingBoxes.msg[0m
[ 78%] [34m[1mGenerating Javascript code from eufs_msgs/ChassisState.msg[0m
[ 79%] [34m[1mGenerating Javascript code from eufs_msgs/SystemStatus.msg[0m
[ 80%] [34m[1mGenerating C++ code from eufs_msgs/PathIntegralTiming.msg[0m
[ 80%] [34m[1mGenerating Javascript code from eufs_msgs/CheckForObjectsActionFeedback.msg[0m
[ 81%] [34m[1mGenerating Javascript code from eufs_msgs/ConeWithCovariance.msg[0m
[ 81%] [34m[1mGenerating Javascript code from eufs_msgs/CheckForObjectsFeedback.msg[0m
[ 81%] [34m[1mGenerating C++ code from eufs_msgs/CarState.msg[0m
[ 82%] [34m[1mGenerating Javascript code from eufs_msgs/Waypoint.msg[0m
[ 82%] [34m[1mGenerating Javascript code from eufs_msgs/CheckForObjectsResult.msg[0m
[ 84%] [34m[1mGenerating Javascript code from eufs_msgs/TopicStatus.msg[0m
[ 85%] [34m[1mGenerating C++ code from eufs_msgs/PointArray.msg[0m
[ 85%] [34m[1mGenerating Javascript code from eufs_msgs/LapStats.msg[0m
[ 86%] [34m[1mGenerating Javascript code from eufs_msgs/ChassisCommand.msg[0m
[ 86%] [34m[1mGenerating Javascript code from eufs_msgs/EKFErr.msg[0m
[ 86%] [34m[1mGenerating C++ code from eufs_msgs/SLAMState.msg[0m
[ 87%] [34m[1mGenerating Javascript code from eufs_msgs/ConeArrayWithCovariance.msg[0m
[ 87%] [34m[1mGenerating Javascript code from eufs_msgs/PathIntegralStatus.msg[0m
[ 88%] [34m[1mGenerating C++ code from eufs_msgs/CheckForObjectsActionGoal.msg[0m
[ 89%] [34m[1mGenerating Javascript code from eufs_msgs/WheelSpeedsStamped.msg[0m
[ 89%] [34m[1mGenerating Javascript code from eufs_msgs/CanState.msg[0m
[ 90%] [34m[1mGenerating Javascript code from eufs_msgs/BoundingBox.msg[0m
[ 90%] [34m[1mGenerating C++ code from eufs_msgs/ConeArray.msg[0m
[ 90%] [34m[1mGenerating Javascript code from eufs_msgs/CheckForObjectsActionResult.msg[0m
[ 91%] [34m[1mGenerating Javascript code from eufs_msgs/CheckForObjectsAction.msg[0m
[ 91%] [34m[1mGenerating Javascript code from eufs_msgs/Costmap.msg[0m
[ 92%] [34m[1mGenerating C++ code from eufs_msgs/PathIntegralStats.msg[0m
[ 93%] [34m[1mGenerating Javascript code from eufs_msgs/FullState.msg[0m
[ 93%] [34m[1mGenerating Javascript code from eufs_msgs/CheckForObjectsGoal.msg[0m
[ 94%] [34m[1mGenerating Javascript code from eufs_msgs/Runstop.msg[0m
[ 94%] [34m[1mGenerating C++ code from eufs_msgs/WaypointArrayStamped.msg[0m
[ 94%] [34m[1mGenerating Javascript code from eufs_msgs/WheelSpeeds.msg[0m
[ 95%] [34m[1mGenerating Javascript code from eufs_msgs/PathIntegralTiming.msg[0m
[ 96%] [34m[1mGenerating Javascript code from eufs_msgs/CarState.msg[0m
[ 96%] Built target eufs_msgs_generate_messages_cpp
[ 96%] [34m[1mGenerating Javascript code from eufs_msgs/PointArray.msg[0m
[ 97%] [34m[1mGenerating Javascript code from eufs_msgs/SLAMState.msg[0m
[ 97%] [34m[1mGenerating Javascript code from eufs_msgs/CheckForObjectsActionGoal.msg[0m
[ 98%] [34m[1mGenerating Javascript code from eufs_msgs/ConeArray.msg[0m
[ 98%] [34m[1mGenerating Javascript code from eufs_msgs/PathIntegralStats.msg[0m
[100%] [34m[1mGenerating Javascript code from eufs_msgs/WaypointArrayStamped.msg[0m
[100%] Built target eufs_msgs_generate_messages_nodejs
[35m[1mScanning dependencies of target eufs_msgs_generate_messages[0m
[100%] Built target eufs_msgs_generate_messages
