[  0%] Built target _eufs_msgs_generate_messages_check_deps_PathIntegralParams
[  0%] Built target _eufs_msgs_generate_messages_check_deps_Runstop
[  0%] Built target geometry_msgs_generate_messages_eus
[  0%] Built target _eufs_msgs_generate_messages_check_deps_WaypointArrayStamped
[  0%] Built target _eufs_msgs_generate_messages_check_deps_CheckForObjectsActionFeedback
[  0%] Built target _eufs_msgs_generate_messages_check_deps_CheckForObjectsActionGoal
[  0%] Built target _eufs_msgs_generate_messages_check_deps_PathIntegralStatus
[  0%] Built target _eufs_msgs_generate_messages_check_deps_SLAMState
[  0%] Built target sensor_msgs_generate_messages_eus
[  0%] Built target _eufs_msgs_generate_messages_check_deps_ConeArrayWithCovariance
[  0%] Built target std_msgs_generate_messages_eus
[  0%] Built target _eufs_msgs_generate_messages_check_deps_CheckForObjectsResult
[  0%] Built target _eufs_msgs_generate_messages_check_deps_CheckForObjectsFeedback
[  0%] Built target diagnostic_msgs_generate_messages_eus
[  0%] Built target _eufs_msgs_generate_messages_check_deps_ChassisCommand
[  0%] Built target _eufs_msgs_generate_messages_check_deps_WheelSpeedsStamped
[  0%] Built target _eufs_msgs_generate_messages_check_deps_ConeWithCovariance
[  0%] Built target _eufs_msgs_generate_messages_check_deps_WheelSpeeds
[  0%] Built target _eufs_msgs_generate_messages_check_deps_LapStats
[  0%] Built target _eufs_msgs_generate_messages_check_deps_FullState
[  0%] Built target _eufs_msgs_generate_messages_check_deps_CanState
[  0%] Built target _eufs_msgs_generate_messages_check_deps_Costmap
[  0%] Built target actionlib_msgs_generate_messages_eus
[  0%] Built target _eufs_msgs_generate_messages_check_deps_EKFState
[  0%] Built target _eufs_msgs_generate_messages_check_deps_PointArrayStamped
[  0%] Built target _eufs_msgs_generate_messages_check_deps_SLAMErr
[  0%] Built target _eufs_msgs_generate_messages_check_deps_BoundingBoxes
[  0%] Built target _eufs_msgs_generate_messages_check_deps_ChassisState
[  0%] Built target _eufs_msgs_generate_messages_check_deps_SystemStatus
[  0%] Built target _eufs_msgs_generate_messages_check_deps_Waypoint
[  0%] Built target _eufs_msgs_generate_messages_check_deps_TopicStatus
[  0%] Built target _eufs_msgs_generate_messages_check_deps_PathIntegralTiming
[  0%] Built target _eufs_msgs_generate_messages_check_deps_EKFErr
[  0%] Built target _eufs_msgs_generate_messages_check_deps_CheckForObjectsAction
[  0%] Built target _eufs_msgs_generate_messages_check_deps_BoundingBox
[  0%] Built target _eufs_msgs_generate_messages_check_deps_PointArray
[  0%] Built target _eufs_msgs_generate_messages_check_deps_CheckForObjectsActionResult
[  0%] Built target _eufs_msgs_generate_messages_check_deps_CheckForObjectsGoal
[  0%] Built target _eufs_msgs_generate_messages_check_deps_CarState
[  0%] Built target _eufs_msgs_generate_messages_check_deps_PathIntegralStats
[  0%] Built target _eufs_msgs_generate_messages_check_deps_ConeArray
[  0%] Built target actionlib_msgs_generate_messages_lisp
[  0%] Built target diagnostic_msgs_generate_messages_lisp
[  0%] Built target sensor_msgs_generate_messages_lisp
[  0%] Built target std_msgs_generate_messages_lisp
[  0%] Built target geometry_msgs_generate_messages_lisp
[  0%] Built target actionlib_msgs_generate_messages_py
[  0%] Built target geometry_msgs_generate_messages_py
[  0%] Built target diagnostic_msgs_generate_messages_py
[  0%] Built target sensor_msgs_generate_messages_py
[  0%] Built target std_msgs_generate_messages_py
[  0%] Built target actionlib_msgs_generate_messages_cpp
[  0%] Built target geometry_msgs_generate_messages_cpp
[  0%] Built target sensor_msgs_generate_messages_cpp
[  0%] Built target diagnostic_msgs_generate_messages_cpp
[  0%] Built target std_msgs_generate_messages_cpp
[  0%] Built target diagnostic_msgs_generate_messages_nodejs
[  0%] Built target actionlib_msgs_generate_messages_nodejs
[  0%] Built target geometry_msgs_generate_messages_nodejs
[  0%] Built target std_msgs_generate_messages_nodejs
[  0%] Built target sensor_msgs_generate_messages_nodejs
[ 20%] Built target eufs_msgs_generate_messages_eus
[ 40%] Built target eufs_msgs_generate_messages_lisp
[ 60%] Built target eufs_msgs_generate_messages_py
[ 79%] Built target eufs_msgs_generate_messages_cpp
[100%] Built target eufs_msgs_generate_messages_nodejs
[100%] Built target eufs_msgs_generate_messages
