Symlinking /home/driverless/sim/devel/include/eufs_msgs/EKFErr.h
Symlinking /home/driverless/sim/devel/include/eufs_msgs/PathIntegralTiming.h
Symlinking /home/driverless/sim/devel/include/eufs_msgs/SystemStatus.h
Symlinking /home/driverless/sim/devel/include/eufs_msgs/ConeArrayWithCovariance.h
Symlinking /home/driverless/sim/devel/include/eufs_msgs/CheckForObjectsAction.h
Symlinking /home/driverless/sim/devel/include/eufs_msgs/Costmap.h
Symlinking /home/driverless/sim/devel/include/eufs_msgs/CheckForObjectsFeedback.h
Symlinking /home/driverless/sim/devel/include/eufs_msgs/Runstop.h
Symlinking /home/driverless/sim/devel/include/eufs_msgs/CheckForObjectsActionFeedback.h
Symlinking /home/driverless/sim/devel/include/eufs_msgs/EKFState.h
Symlinking /home/driverless/sim/devel/include/eufs_msgs/Waypoint.h
Symlinking /home/driverless/sim/devel/include/eufs_msgs/WheelSpeeds.h
Symlinking /home/driverless/sim/devel/include/eufs_msgs/CheckForObjectsResult.h
Symlinking /home/driverless/sim/devel/include/eufs_msgs/WheelSpeedsStamped.h
Symlinking /home/driverless/sim/devel/include/eufs_msgs/CanState.h
Symlinking /home/driverless/sim/devel/include/eufs_msgs/TopicStatus.h
Symlinking /home/driverless/sim/devel/include/eufs_msgs/ConeWithCovariance.h
Symlinking /home/driverless/sim/devel/include/eufs_msgs/PathIntegralStatus.h
Symlinking /home/driverless/sim/devel/include/eufs_msgs/ChassisCommand.h
Symlinking /home/driverless/sim/devel/include/eufs_msgs/WaypointArrayStamped.h
Symlinking /home/driverless/sim/devel/include/eufs_msgs/PathIntegralParams.h
Symlinking /home/driverless/sim/devel/include/eufs_msgs/LapStats.h
Symlinking /home/driverless/sim/devel/include/eufs_msgs/PathIntegralStats.h
Symlinking /home/driverless/sim/devel/include/eufs_msgs/ChassisState.h
Symlinking /home/driverless/sim/devel/include/eufs_msgs/PointArray.h
Symlinking /home/driverless/sim/devel/include/eufs_msgs/SLAMState.h
Symlinking /home/driverless/sim/devel/include/eufs_msgs/CarState.h
Symlinking /home/driverless/sim/devel/include/eufs_msgs/SLAMErr.h
Symlinking /home/driverless/sim/devel/include/eufs_msgs/CheckForObjectsGoal.h
Symlinking /home/driverless/sim/devel/include/eufs_msgs/ConeArray.h
Symlinking /home/driverless/sim/devel/include/eufs_msgs/CheckForObjectsActionResult.h
Symlinking /home/driverless/sim/devel/include/eufs_msgs/CheckForObjectsActionGoal.h
Symlinking /home/driverless/sim/devel/include/eufs_msgs/BoundingBoxes.h
Symlinking /home/driverless/sim/devel/include/eufs_msgs/PointArrayStamped.h
Symlinking /home/driverless/sim/devel/include/eufs_msgs/BoundingBox.h
Symlinking /home/driverless/sim/devel/include/eufs_msgs/FullState.h
Symlinking /home/driverless/sim/devel/lib/python2.7/dist-packages/eufs_msgs/__init__.py
Symlinking /home/driverless/sim/devel/lib/python2.7/dist-packages/eufs_msgs/msg/_WheelSpeeds.py
Symlinking /home/driverless/sim/devel/lib/python2.7/dist-packages/eufs_msgs/msg/__init__.py
Symlinking /home/driverless/sim/devel/lib/python2.7/dist-packages/eufs_msgs/msg/_FullState.py
Symlinking /home/driverless/sim/devel/lib/python2.7/dist-packages/eufs_msgs/msg/_CheckForObjectsActionFeedback.py
Symlinking /home/driverless/sim/devel/lib/python2.7/dist-packages/eufs_msgs/msg/_CheckForObjectsActionGoal.py
Symlinking /home/driverless/sim/devel/lib/python2.7/dist-packages/eufs_msgs/msg/_PointArray.py
Symlinking /home/driverless/sim/devel/lib/python2.7/dist-packages/eufs_msgs/msg/_CarState.py
Symlinking /home/driverless/sim/devel/lib/python2.7/dist-packages/eufs_msgs/msg/_PathIntegralStats.py
Symlinking /home/driverless/sim/devel/lib/python2.7/dist-packages/eufs_msgs/msg/_CheckForObjectsAction.py
Symlinking /home/driverless/sim/devel/lib/python2.7/dist-packages/eufs_msgs/msg/_BoundingBox.py
Symlinking /home/driverless/sim/devel/lib/python2.7/dist-packages/eufs_msgs/msg/_Waypoint.py
Symlinking /home/driverless/sim/devel/lib/python2.7/dist-packages/eufs_msgs/msg/_BoundingBoxes.py
Symlinking /home/driverless/sim/devel/lib/python2.7/dist-packages/eufs_msgs/msg/_ConeArray.py
Symlinking /home/driverless/sim/devel/lib/python2.7/dist-packages/eufs_msgs/msg/_CheckForObjectsGoal.py
Symlinking /home/driverless/sim/devel/lib/python2.7/dist-packages/eufs_msgs/msg/_ChassisCommand.py
Symlinking /home/driverless/sim/devel/lib/python2.7/dist-packages/eufs_msgs/msg/_WheelSpeedsStamped.py
Symlinking /home/driverless/sim/devel/lib/python2.7/dist-packages/eufs_msgs/msg/_ConeWithCovariance.py
Symlinking /home/driverless/sim/devel/lib/python2.7/dist-packages/eufs_msgs/msg/_PathIntegralStatus.py
Symlinking /home/driverless/sim/devel/lib/python2.7/dist-packages/eufs_msgs/msg/_CheckForObjectsFeedback.py
Symlinking /home/driverless/sim/devel/lib/python2.7/dist-packages/eufs_msgs/msg/_ConeArrayWithCovariance.py
Symlinking /home/driverless/sim/devel/lib/python2.7/dist-packages/eufs_msgs/msg/_SLAMErr.py
Symlinking /home/driverless/sim/devel/lib/python2.7/dist-packages/eufs_msgs/msg/_LapStats.py
Symlinking /home/driverless/sim/devel/lib/python2.7/dist-packages/eufs_msgs/msg/_PointArrayStamped.py
Symlinking /home/driverless/sim/devel/lib/python2.7/dist-packages/eufs_msgs/msg/_EKFErr.py
Symlinking /home/driverless/sim/devel/lib/python2.7/dist-packages/eufs_msgs/msg/_Costmap.py
Symlinking /home/driverless/sim/devel/lib/python2.7/dist-packages/eufs_msgs/msg/_TopicStatus.py
Symlinking /home/driverless/sim/devel/lib/python2.7/dist-packages/eufs_msgs/msg/_Runstop.py
Symlinking /home/driverless/sim/devel/lib/python2.7/dist-packages/eufs_msgs/msg/_ChassisState.py
Symlinking /home/driverless/sim/devel/lib/python2.7/dist-packages/eufs_msgs/msg/_PathIntegralParams.py
Symlinking /home/driverless/sim/devel/lib/python2.7/dist-packages/eufs_msgs/msg/_CheckForObjectsResult.py
Symlinking /home/driverless/sim/devel/lib/python2.7/dist-packages/eufs_msgs/msg/_WaypointArrayStamped.py
Symlinking /home/driverless/sim/devel/lib/python2.7/dist-packages/eufs_msgs/msg/_EKFState.py
Symlinking /home/driverless/sim/devel/lib/python2.7/dist-packages/eufs_msgs/msg/_SLAMState.py
Symlinking /home/driverless/sim/devel/lib/python2.7/dist-packages/eufs_msgs/msg/_CheckForObjectsActionResult.py
Symlinking /home/driverless/sim/devel/lib/python2.7/dist-packages/eufs_msgs/msg/_SystemStatus.py
Symlinking /home/driverless/sim/devel/lib/python2.7/dist-packages/eufs_msgs/msg/_PathIntegralTiming.py
Symlinking /home/driverless/sim/devel/lib/python2.7/dist-packages/eufs_msgs/msg/_CanState.py
Symlinking /home/driverless/sim/devel/lib/pkgconfig/eufs_msgs.pc
Symlinking /home/driverless/sim/devel/share/common-lisp/ros/eufs_msgs/msg/PathIntegralParams.lisp
Symlinking /home/driverless/sim/devel/share/common-lisp/ros/eufs_msgs/msg/_package_LapStats.lisp
Symlinking /home/driverless/sim/devel/share/common-lisp/ros/eufs_msgs/msg/FullState.lisp
Symlinking /home/driverless/sim/devel/share/common-lisp/ros/eufs_msgs/msg/_package_ConeWithCovariance.lisp
Symlinking /home/driverless/sim/devel/share/common-lisp/ros/eufs_msgs/msg/_package_CanState.lisp
Symlinking /home/driverless/sim/devel/share/common-lisp/ros/eufs_msgs/msg/_package_WheelSpeedsStamped.lisp
Symlinking /home/driverless/sim/devel/share/common-lisp/ros/eufs_msgs/msg/PointArray.lisp
Symlinking /home/driverless/sim/devel/share/common-lisp/ros/eufs_msgs/msg/_package_Waypoint.lisp
Symlinking /home/driverless/sim/devel/share/common-lisp/ros/eufs_msgs/msg/_package_WheelSpeeds.lisp
Symlinking /home/driverless/sim/devel/share/common-lisp/ros/eufs_msgs/msg/_package_TopicStatus.lisp
Symlinking /home/driverless/sim/devel/share/common-lisp/ros/eufs_msgs/msg/WaypointArrayStamped.lisp
Symlinking /home/driverless/sim/devel/share/common-lisp/ros/eufs_msgs/msg/_package_ConeArrayWithCovariance.lisp
Symlinking /home/driverless/sim/devel/share/common-lisp/ros/eufs_msgs/msg/_package_Costmap.lisp
Symlinking /home/driverless/sim/devel/share/common-lisp/ros/eufs_msgs/msg/CheckForObjectsActionGoal.lisp
Symlinking /home/driverless/sim/devel/share/common-lisp/ros/eufs_msgs/msg/_package_CheckForObjectsResult.lisp
Symlinking /home/driverless/sim/devel/share/common-lisp/ros/eufs_msgs/msg/CheckForObjectsGoal.lisp
Symlinking /home/driverless/sim/devel/share/common-lisp/ros/eufs_msgs/msg/CheckForObjectsActionFeedback.lisp
Symlinking /home/driverless/sim/devel/share/common-lisp/ros/eufs_msgs/msg/ConeArrayWithCovariance.lisp
Symlinking /home/driverless/sim/devel/share/common-lisp/ros/eufs_msgs/msg/CheckForObjectsActionResult.lisp
Symlinking /home/driverless/sim/devel/share/common-lisp/ros/eufs_msgs/msg/_package_CheckForObjectsActionFeedback.lisp
Symlinking /home/driverless/sim/devel/share/common-lisp/ros/eufs_msgs/msg/EKFErr.lisp
Symlinking /home/driverless/sim/devel/share/common-lisp/ros/eufs_msgs/msg/_package_PathIntegralStats.lisp
Symlinking /home/driverless/sim/devel/share/common-lisp/ros/eufs_msgs/msg/ConeArray.lisp
Symlinking /home/driverless/sim/devel/share/common-lisp/ros/eufs_msgs/msg/Runstop.lisp
Symlinking /home/driverless/sim/devel/share/common-lisp/ros/eufs_msgs/msg/_package_CarState.lisp
Symlinking /home/driverless/sim/devel/share/common-lisp/ros/eufs_msgs/msg/_package_PointArray.lisp
Symlinking /home/driverless/sim/devel/share/common-lisp/ros/eufs_msgs/msg/ChassisCommand.lisp
Symlinking /home/driverless/sim/devel/share/common-lisp/ros/eufs_msgs/msg/CheckForObjectsAction.lisp
Symlinking /home/driverless/sim/devel/share/common-lisp/ros/eufs_msgs/msg/SystemStatus.lisp
Symlinking /home/driverless/sim/devel/share/common-lisp/ros/eufs_msgs/msg/_package_PathIntegralStatus.lisp
Symlinking /home/driverless/sim/devel/share/common-lisp/ros/eufs_msgs/msg/CheckForObjectsFeedback.lisp
Symlinking /home/driverless/sim/devel/share/common-lisp/ros/eufs_msgs/msg/_package_ChassisState.lisp
Symlinking /home/driverless/sim/devel/share/common-lisp/ros/eufs_msgs/msg/ChassisState.lisp
Symlinking /home/driverless/sim/devel/share/common-lisp/ros/eufs_msgs/msg/PointArrayStamped.lisp
Symlinking /home/driverless/sim/devel/share/common-lisp/ros/eufs_msgs/msg/_package_BoundingBox.lisp
Symlinking /home/driverless/sim/devel/share/common-lisp/ros/eufs_msgs/msg/Waypoint.lisp
Symlinking /home/driverless/sim/devel/share/common-lisp/ros/eufs_msgs/msg/SLAMErr.lisp
Symlinking /home/driverless/sim/devel/share/common-lisp/ros/eufs_msgs/msg/_package_Runstop.lisp
Symlinking /home/driverless/sim/devel/share/common-lisp/ros/eufs_msgs/msg/BoundingBox.lisp
Symlinking /home/driverless/sim/devel/share/common-lisp/ros/eufs_msgs/msg/_package_EKFErr.lisp
Symlinking /home/driverless/sim/devel/share/common-lisp/ros/eufs_msgs/msg/_package_CheckForObjectsActionResult.lisp
Symlinking /home/driverless/sim/devel/share/common-lisp/ros/eufs_msgs/msg/_package_CheckForObjectsActionGoal.lisp
Symlinking /home/driverless/sim/devel/share/common-lisp/ros/eufs_msgs/msg/WheelSpeedsStamped.lisp
Symlinking /home/driverless/sim/devel/share/common-lisp/ros/eufs_msgs/msg/LapStats.lisp
Symlinking /home/driverless/sim/devel/share/common-lisp/ros/eufs_msgs/msg/_package_BoundingBoxes.lisp
Symlinking /home/driverless/sim/devel/share/common-lisp/ros/eufs_msgs/msg/_package_PathIntegralTiming.lisp
Symlinking /home/driverless/sim/devel/share/common-lisp/ros/eufs_msgs/msg/_package_ChassisCommand.lisp
Symlinking /home/driverless/sim/devel/share/common-lisp/ros/eufs_msgs/msg/_package_WaypointArrayStamped.lisp
Symlinking /home/driverless/sim/devel/share/common-lisp/ros/eufs_msgs/msg/WheelSpeeds.lisp
Symlinking /home/driverless/sim/devel/share/common-lisp/ros/eufs_msgs/msg/_package_CheckForObjectsAction.lisp
Symlinking /home/driverless/sim/devel/share/common-lisp/ros/eufs_msgs/msg/PathIntegralTiming.lisp
Symlinking /home/driverless/sim/devel/share/common-lisp/ros/eufs_msgs/msg/_package_ConeArray.lisp
Symlinking /home/driverless/sim/devel/share/common-lisp/ros/eufs_msgs/msg/_package_EKFState.lisp
Symlinking /home/driverless/sim/devel/share/common-lisp/ros/eufs_msgs/msg/Costmap.lisp
Symlinking /home/driverless/sim/devel/share/common-lisp/ros/eufs_msgs/msg/_package_SystemStatus.lisp
Symlinking /home/driverless/sim/devel/share/common-lisp/ros/eufs_msgs/msg/_package.lisp
Symlinking /home/driverless/sim/devel/share/common-lisp/ros/eufs_msgs/msg/CanState.lisp
Symlinking /home/driverless/sim/devel/share/common-lisp/ros/eufs_msgs/msg/ConeWithCovariance.lisp
Symlinking /home/driverless/sim/devel/share/common-lisp/ros/eufs_msgs/msg/_package_PointArrayStamped.lisp
Symlinking /home/driverless/sim/devel/share/common-lisp/ros/eufs_msgs/msg/_package_CheckForObjectsFeedback.lisp
Symlinking /home/driverless/sim/devel/share/common-lisp/ros/eufs_msgs/msg/EKFState.lisp
Symlinking /home/driverless/sim/devel/share/common-lisp/ros/eufs_msgs/msg/_package_CheckForObjectsGoal.lisp
Symlinking /home/driverless/sim/devel/share/common-lisp/ros/eufs_msgs/msg/BoundingBoxes.lisp
Symlinking /home/driverless/sim/devel/share/common-lisp/ros/eufs_msgs/msg/_package_PathIntegralParams.lisp
Symlinking /home/driverless/sim/devel/share/common-lisp/ros/eufs_msgs/msg/CarState.lisp
Symlinking /home/driverless/sim/devel/share/common-lisp/ros/eufs_msgs/msg/TopicStatus.lisp
Symlinking /home/driverless/sim/devel/share/common-lisp/ros/eufs_msgs/msg/_package_FullState.lisp
Symlinking /home/driverless/sim/devel/share/common-lisp/ros/eufs_msgs/msg/_package_SLAMState.lisp
Symlinking /home/driverless/sim/devel/share/common-lisp/ros/eufs_msgs/msg/eufs_msgs-msg.asd
Symlinking /home/driverless/sim/devel/share/common-lisp/ros/eufs_msgs/msg/_package_SLAMErr.lisp
Symlinking /home/driverless/sim/devel/share/common-lisp/ros/eufs_msgs/msg/PathIntegralStatus.lisp
Symlinking /home/driverless/sim/devel/share/common-lisp/ros/eufs_msgs/msg/SLAMState.lisp
Symlinking /home/driverless/sim/devel/share/common-lisp/ros/eufs_msgs/msg/PathIntegralStats.lisp
Symlinking /home/driverless/sim/devel/share/common-lisp/ros/eufs_msgs/msg/CheckForObjectsResult.lisp
Symlinking /home/driverless/sim/devel/share/eufs_msgs/msg/CheckForObjectsActionGoal.msg
Symlinking /home/driverless/sim/devel/share/eufs_msgs/msg/CheckForObjectsResult.msg
Symlinking /home/driverless/sim/devel/share/eufs_msgs/msg/CheckForObjectsActionResult.msg
Symlinking /home/driverless/sim/devel/share/eufs_msgs/msg/CheckForObjectsAction.msg
Symlinking /home/driverless/sim/devel/share/eufs_msgs/msg/CheckForObjectsGoal.msg
Symlinking /home/driverless/sim/devel/share/eufs_msgs/msg/CheckForObjectsActionFeedback.msg
Symlinking /home/driverless/sim/devel/share/eufs_msgs/msg/CheckForObjectsFeedback.msg
Symlinking /home/driverless/sim/devel/share/eufs_msgs/cmake/eufs_msgsConfig.cmake
Symlinking /home/driverless/sim/devel/share/eufs_msgs/cmake/eufs_msgs-msg-extras.cmake
Symlinking /home/driverless/sim/devel/share/eufs_msgs/cmake/eufs_msgsConfig-version.cmake
Symlinking /home/driverless/sim/devel/share/eufs_msgs/cmake/eufs_msgs-msg-paths.cmake
Symlinking /home/driverless/sim/devel/share/roseus/ros/eufs_msgs/manifest.l
Symlinking /home/driverless/sim/devel/share/roseus/ros/eufs_msgs/msg/PathIntegralTiming.l
Symlinking /home/driverless/sim/devel/share/roseus/ros/eufs_msgs/msg/BoundingBox.l
Symlinking /home/driverless/sim/devel/share/roseus/ros/eufs_msgs/msg/Runstop.l
Symlinking /home/driverless/sim/devel/share/roseus/ros/eufs_msgs/msg/PathIntegralParams.l
Symlinking /home/driverless/sim/devel/share/roseus/ros/eufs_msgs/msg/CheckForObjectsActionGoal.l
Symlinking /home/driverless/sim/devel/share/roseus/ros/eufs_msgs/msg/ChassisCommand.l
Symlinking /home/driverless/sim/devel/share/roseus/ros/eufs_msgs/msg/PointArrayStamped.l
Symlinking /home/driverless/sim/devel/share/roseus/ros/eufs_msgs/msg/PathIntegralStatus.l
Symlinking /home/driverless/sim/devel/share/roseus/ros/eufs_msgs/msg/ChassisState.l
Symlinking /home/driverless/sim/devel/share/roseus/ros/eufs_msgs/msg/EKFErr.l
Symlinking /home/driverless/sim/devel/share/roseus/ros/eufs_msgs/msg/LapStats.l
Symlinking /home/driverless/sim/devel/share/roseus/ros/eufs_msgs/msg/CheckForObjectsAction.l
Symlinking /home/driverless/sim/devel/share/roseus/ros/eufs_msgs/msg/BoundingBoxes.l
Symlinking /home/driverless/sim/devel/share/roseus/ros/eufs_msgs/msg/CheckForObjectsActionResult.l
Symlinking /home/driverless/sim/devel/share/roseus/ros/eufs_msgs/msg/ConeArray.l
Symlinking /home/driverless/sim/devel/share/roseus/ros/eufs_msgs/msg/WheelSpeedsStamped.l
Symlinking /home/driverless/sim/devel/share/roseus/ros/eufs_msgs/msg/ConeWithCovariance.l
Symlinking /home/driverless/sim/devel/share/roseus/ros/eufs_msgs/msg/SystemStatus.l
Symlinking /home/driverless/sim/devel/share/roseus/ros/eufs_msgs/msg/ConeArrayWithCovariance.l
Symlinking /home/driverless/sim/devel/share/roseus/ros/eufs_msgs/msg/CheckForObjectsFeedback.l
Symlinking /home/driverless/sim/devel/share/roseus/ros/eufs_msgs/msg/Costmap.l
Symlinking /home/driverless/sim/devel/share/roseus/ros/eufs_msgs/msg/WheelSpeeds.l
Symlinking /home/driverless/sim/devel/share/roseus/ros/eufs_msgs/msg/FullState.l
Symlinking /home/driverless/sim/devel/share/roseus/ros/eufs_msgs/msg/PointArray.l
Symlinking /home/driverless/sim/devel/share/roseus/ros/eufs_msgs/msg/EKFState.l
Symlinking /home/driverless/sim/devel/share/roseus/ros/eufs_msgs/msg/WaypointArrayStamped.l
Symlinking /home/driverless/sim/devel/share/roseus/ros/eufs_msgs/msg/SLAMErr.l
Symlinking /home/driverless/sim/devel/share/roseus/ros/eufs_msgs/msg/CheckForObjectsResult.l
Symlinking /home/driverless/sim/devel/share/roseus/ros/eufs_msgs/msg/SLAMState.l
Symlinking /home/driverless/sim/devel/share/roseus/ros/eufs_msgs/msg/TopicStatus.l
Symlinking /home/driverless/sim/devel/share/roseus/ros/eufs_msgs/msg/CheckForObjectsActionFeedback.l
Symlinking /home/driverless/sim/devel/share/roseus/ros/eufs_msgs/msg/CarState.l
Symlinking /home/driverless/sim/devel/share/roseus/ros/eufs_msgs/msg/CheckForObjectsGoal.l
Symlinking /home/driverless/sim/devel/share/roseus/ros/eufs_msgs/msg/PathIntegralStats.l
Symlinking /home/driverless/sim/devel/share/roseus/ros/eufs_msgs/msg/Waypoint.l
Symlinking /home/driverless/sim/devel/share/roseus/ros/eufs_msgs/msg/CanState.l
Symlinking /home/driverless/sim/devel/share/gennodejs/ros/eufs_msgs/_index.js
Symlinking /home/driverless/sim/devel/share/gennodejs/ros/eufs_msgs/msg/CheckForObjectsAction.js
Symlinking /home/driverless/sim/devel/share/gennodejs/ros/eufs_msgs/msg/BoundingBox.js
Symlinking /home/driverless/sim/devel/share/gennodejs/ros/eufs_msgs/msg/LapStats.js
Symlinking /home/driverless/sim/devel/share/gennodejs/ros/eufs_msgs/msg/EKFState.js
Symlinking /home/driverless/sim/devel/share/gennodejs/ros/eufs_msgs/msg/CheckForObjectsGoal.js
Symlinking /home/driverless/sim/devel/share/gennodejs/ros/eufs_msgs/msg/_index.js
Symlinking /home/driverless/sim/devel/share/gennodejs/ros/eufs_msgs/msg/CanState.js
Symlinking /home/driverless/sim/devel/share/gennodejs/ros/eufs_msgs/msg/ConeArrayWithCovariance.js
Symlinking /home/driverless/sim/devel/share/gennodejs/ros/eufs_msgs/msg/SystemStatus.js
Symlinking /home/driverless/sim/devel/share/gennodejs/ros/eufs_msgs/msg/Runstop.js
Symlinking /home/driverless/sim/devel/share/gennodejs/ros/eufs_msgs/msg/TopicStatus.js
Symlinking /home/driverless/sim/devel/share/gennodejs/ros/eufs_msgs/msg/PointArrayStamped.js
Symlinking /home/driverless/sim/devel/share/gennodejs/ros/eufs_msgs/msg/WheelSpeedsStamped.js
Symlinking /home/driverless/sim/devel/share/gennodejs/ros/eufs_msgs/msg/CheckForObjectsFeedback.js
Symlinking /home/driverless/sim/devel/share/gennodejs/ros/eufs_msgs/msg/Costmap.js
Symlinking /home/driverless/sim/devel/share/gennodejs/ros/eufs_msgs/msg/ChassisState.js
Symlinking /home/driverless/sim/devel/share/gennodejs/ros/eufs_msgs/msg/BoundingBoxes.js
Symlinking /home/driverless/sim/devel/share/gennodejs/ros/eufs_msgs/msg/PointArray.js
Symlinking /home/driverless/sim/devel/share/gennodejs/ros/eufs_msgs/msg/WheelSpeeds.js
Symlinking /home/driverless/sim/devel/share/gennodejs/ros/eufs_msgs/msg/PathIntegralStatus.js
Symlinking /home/driverless/sim/devel/share/gennodejs/ros/eufs_msgs/msg/ConeWithCovariance.js
Symlinking /home/driverless/sim/devel/share/gennodejs/ros/eufs_msgs/msg/ChassisCommand.js
Symlinking /home/driverless/sim/devel/share/gennodejs/ros/eufs_msgs/msg/SLAMErr.js
Symlinking /home/driverless/sim/devel/share/gennodejs/ros/eufs_msgs/msg/CarState.js
Symlinking /home/driverless/sim/devel/share/gennodejs/ros/eufs_msgs/msg/WaypointArrayStamped.js
Symlinking /home/driverless/sim/devel/share/gennodejs/ros/eufs_msgs/msg/FullState.js
Symlinking /home/driverless/sim/devel/share/gennodejs/ros/eufs_msgs/msg/CheckForObjectsResult.js
Symlinking /home/driverless/sim/devel/share/gennodejs/ros/eufs_msgs/msg/SLAMState.js
Symlinking /home/driverless/sim/devel/share/gennodejs/ros/eufs_msgs/msg/PathIntegralParams.js
Symlinking /home/driverless/sim/devel/share/gennodejs/ros/eufs_msgs/msg/CheckForObjectsActionFeedback.js
Symlinking /home/driverless/sim/devel/share/gennodejs/ros/eufs_msgs/msg/EKFErr.js
Symlinking /home/driverless/sim/devel/share/gennodejs/ros/eufs_msgs/msg/PathIntegralStats.js
Symlinking /home/driverless/sim/devel/share/gennodejs/ros/eufs_msgs/msg/ConeArray.js
Symlinking /home/driverless/sim/devel/share/gennodejs/ros/eufs_msgs/msg/CheckForObjectsActionGoal.js
Symlinking /home/driverless/sim/devel/share/gennodejs/ros/eufs_msgs/msg/PathIntegralTiming.js
Symlinking /home/driverless/sim/devel/share/gennodejs/ros/eufs_msgs/msg/Waypoint.js
Symlinking /home/driverless/sim/devel/share/gennodejs/ros/eufs_msgs/msg/CheckForObjectsActionResult.js
