Determining if the pthread_create exist failed with the following output:
Change Dir: /home/driverless/sim/build/pointcloud_to_laserscan/CMakeFiles/CMakeTmp

Run Build Command:"/usr/bin/make" "cmTC_b7db5/fast"
/usr/bin/make -f CMakeFiles/cmTC_b7db5.dir/build.make CMakeFiles/cmTC_b7db5.dir/build
make[1]: se entra en el directorio '/home/driverless/sim/build/pointcloud_to_laserscan/CMakeFiles/CMakeTmp'
Building C object CMakeFiles/cmTC_b7db5.dir/CheckSymbolExists.c.o
/usr/bin/cc    -o CMakeFiles/cmTC_b7db5.dir/CheckSymbolExists.c.o   -c /home/driverless/sim/build/pointcloud_to_laserscan/CMakeFiles/CMakeTmp/CheckSymbolExists.c
Linking C executable cmTC_b7db5
/usr/bin/cmake -E cmake_link_script CMakeFiles/cmTC_b7db5.dir/link.txt --verbose=1
/usr/bin/cc      -rdynamic CMakeFiles/cmTC_b7db5.dir/CheckSymbolExists.c.o  -o cmTC_b7db5 
CMakeFiles/cmTC_b7db5.dir/CheckSymbolExists.c.o: En la función `main':
CheckSymbolExists.c:(.text+0x1b): referencia a `pthread_create' sin definir
collect2: error: ld returned 1 exit status
CMakeFiles/cmTC_b7db5.dir/build.make:97: fallo en las instrucciones para el objetivo 'cmTC_b7db5'
make[1]: *** [cmTC_b7db5] Error 1
make[1]: se sale del directorio '/home/driverless/sim/build/pointcloud_to_laserscan/CMakeFiles/CMakeTmp'
Makefile:126: fallo en las instrucciones para el objetivo 'cmTC_b7db5/fast'
make: *** [cmTC_b7db5/fast] Error 2

File /home/driverless/sim/build/pointcloud_to_laserscan/CMakeFiles/CMakeTmp/CheckSymbolExists.c:
/* */
#include <pthread.h>

int main(int argc, char** argv)
{
  (void)argv;
#ifndef pthread_create
  return ((int*)(&pthread_create))[argc];
#else
  (void)argc;
  return 0;
#endif
}

Determining if the function pthread_create exists in the pthreads failed with the following output:
Change Dir: /home/driverless/sim/build/pointcloud_to_laserscan/CMakeFiles/CMakeTmp

Run Build Command:"/usr/bin/make" "cmTC_49808/fast"
/usr/bin/make -f CMakeFiles/cmTC_49808.dir/build.make CMakeFiles/cmTC_49808.dir/build
make[1]: se entra en el directorio '/home/driverless/sim/build/pointcloud_to_laserscan/CMakeFiles/CMakeTmp'
Building C object CMakeFiles/cmTC_49808.dir/CheckFunctionExists.c.o
/usr/bin/cc   -DCHECK_FUNCTION_EXISTS=pthread_create   -o CMakeFiles/cmTC_49808.dir/CheckFunctionExists.c.o   -c /usr/share/cmake-3.10/Modules/CheckFunctionExists.c
Linking C executable cmTC_49808
/usr/bin/cmake -E cmake_link_script CMakeFiles/cmTC_49808.dir/link.txt --verbose=1
/usr/bin/cc  -DCHECK_FUNCTION_EXISTS=pthread_create    -rdynamic CMakeFiles/cmTC_49808.dir/CheckFunctionExists.c.o  -o cmTC_49808 -lpthreads 
/usr/bin/ld: no se puede encontrar -lpthreads
collect2: error: ld returned 1 exit status
CMakeFiles/cmTC_49808.dir/build.make:97: fallo en las instrucciones para el objetivo 'cmTC_49808'
make[1]: *** [cmTC_49808] Error 1
make[1]: se sale del directorio '/home/driverless/sim/build/pointcloud_to_laserscan/CMakeFiles/CMakeTmp'
Makefile:126: fallo en las instrucciones para el objetivo 'cmTC_49808/fast'
make: *** [cmTC_49808/fast] Error 2


