Determining if the pthread_create exist failed with the following output:
Change Dir: /home/alan/FSBDriverless/workspace/build/CMakeFiles/CMakeTmp

Run Build Command:"/usr/bin/make" "cmTC_9a211/fast"
/usr/bin/make -f CMakeFiles/cmTC_9a211.dir/build.make CMakeFiles/cmTC_9a211.dir/build
make[1]: se entra en el directorio '/home/alan/FSBDriverless/workspace/build/CMakeFiles/CMakeTmp'
Building C object CMakeFiles/cmTC_9a211.dir/CheckSymbolExists.c.o
/usr/bin/cc    -o CMakeFiles/cmTC_9a211.dir/CheckSymbolExists.c.o   -c /home/alan/FSBDriverless/workspace/build/CMakeFiles/CMakeTmp/CheckSymbolExists.c
Linking C executable cmTC_9a211
/usr/bin/cmake -E cmake_link_script CMakeFiles/cmTC_9a211.dir/link.txt --verbose=1
/usr/bin/cc      -rdynamic CMakeFiles/cmTC_9a211.dir/CheckSymbolExists.c.o  -o cmTC_9a211 
CMakeFiles/cmTC_9a211.dir/CheckSymbolExists.c.o: En la función `main':
CheckSymbolExists.c:(.text+0x1b): referencia a `pthread_create' sin definir
collect2: error: ld returned 1 exit status
CMakeFiles/cmTC_9a211.dir/build.make:97: fallo en las instrucciones para el objetivo 'cmTC_9a211'
make[1]: *** [cmTC_9a211] Error 1
make[1]: se sale del directorio '/home/alan/FSBDriverless/workspace/build/CMakeFiles/CMakeTmp'
Makefile:126: fallo en las instrucciones para el objetivo 'cmTC_9a211/fast'
make: *** [cmTC_9a211/fast] Error 2

File /home/alan/FSBDriverless/workspace/build/CMakeFiles/CMakeTmp/CheckSymbolExists.c:
/* */
#include <pthread.h>

int main(int argc, char** argv)
{
  (void)argv;
#ifndef pthread_create
  return ((int*)(&pthread_create))[argc];
#else
  (void)argc;
  return 0;
#endif
}

Determining if the function pthread_create exists in the pthreads failed with the following output:
Change Dir: /home/alan/FSBDriverless/workspace/build/CMakeFiles/CMakeTmp

Run Build Command:"/usr/bin/make" "cmTC_dd704/fast"
/usr/bin/make -f CMakeFiles/cmTC_dd704.dir/build.make CMakeFiles/cmTC_dd704.dir/build
make[1]: se entra en el directorio '/home/alan/FSBDriverless/workspace/build/CMakeFiles/CMakeTmp'
Building C object CMakeFiles/cmTC_dd704.dir/CheckFunctionExists.c.o
/usr/bin/cc   -DCHECK_FUNCTION_EXISTS=pthread_create   -o CMakeFiles/cmTC_dd704.dir/CheckFunctionExists.c.o   -c /usr/share/cmake-3.10/Modules/CheckFunctionExists.c
Linking C executable cmTC_dd704
/usr/bin/cmake -E cmake_link_script CMakeFiles/cmTC_dd704.dir/link.txt --verbose=1
/usr/bin/cc  -DCHECK_FUNCTION_EXISTS=pthread_create    -rdynamic CMakeFiles/cmTC_dd704.dir/CheckFunctionExists.c.o  -o cmTC_dd704 -lpthreads 
/usr/bin/ld: no se puede encontrar -lpthreads
collect2: error: ld returned 1 exit status
CMakeFiles/cmTC_dd704.dir/build.make:97: fallo en las instrucciones para el objetivo 'cmTC_dd704'
make[1]: *** [cmTC_dd704] Error 1
make[1]: se sale del directorio '/home/alan/FSBDriverless/workspace/build/CMakeFiles/CMakeTmp'
Makefile:126: fallo en las instrucciones para el objetivo 'cmTC_dd704/fast'
make: *** [cmTC_dd704/fast] Error 2


